<?xml version="1.0" encoding="UTF-8"?>
<!-- Generated by org.testng.reporters.JUnitReportReporter -->
<testsuite hostname="PEEYUSHs-MacBook-Air.local" failures="0" tests="2" name="PeeyushMishra.tests.ErrorValidationTest" time="9.142" errors="0" timestamp="2025-02-18T12:23:54 IST" skipped="0">
  <testcase classname="PeeyushMishra.tests.ErrorValidationTest" name="LoginErrorValidation" time="4.878"/>
  <testcase classname="PeeyushMishra.tests.ErrorValidationTest" name="ProductErrorValidation" time="4.264"/>
</testsuite> <!-- PeeyushMishra.tests.ErrorValidationTest -->
