<?xml version="1.0" encoding="UTF-8"?>
<!-- Generated by org.testng.reporters.JUnitReportReporter -->
<testsuite hostname="PEEYUSHs-MacBook-Air.local" failures="0" tests="2" name="PeeyushMishra.tests.SubmitOrderTest" time="11.441" errors="0" timestamp="2025-02-18T12:23:54 IST" skipped="0">
  <testcase classname="PeeyushMishra.tests.SubmitOrderTest" name="OrderHistoryTest" time="3.616"/>
  <testcase classname="PeeyushMishra.tests.SubmitOrderTest" name="SubmitOrder" time="7.825"/>
</testsuite> <!-- PeeyushMishra.tests.SubmitOrderTest -->
